TN:
SF:src\server.ts
FN:11,AppServer
FN:19,routes
FN:34,start
FNF:3
FNH:2
FNDA:1,AppServer
FNDA:1,routes
FNDA:0,start
DA:1,1
DA:2,1
DA:3,1
DA:4,1
DA:5,1
DA:6,1
DA:7,1
DA:8,1
DA:9,1
DA:10,1
DA:11,1
DA:12,1
DA:13,1
DA:14,1
DA:15,1
DA:16,1
DA:17,1
DA:18,1
DA:19,1
DA:20,1
DA:21,1
DA:22,1
DA:23,1
DA:24,1
DA:25,0
DA:26,0
DA:27,0
DA:28,0
DA:29,0
DA:30,0
DA:31,1
DA:32,1
DA:33,1
DA:34,1
DA:35,0
DA:36,0
DA:37,0
DA:38,0
DA:39,0
DA:40,0
DA:41,1
DA:42,1
LF:42
LH:30
BRDA:11,0,0,1
BRDA:19,1,0,1
BRDA:20,2,0,1
BRF:3
BRH:3
end_of_record
